Tue Jun 16 22:37:59 BRT 2015 Cannot open connection
Tue Jun 16 22:44:11 BRT 2015 Cannot open connection
Mon Jun 29 19:23:20 BRT 2015 Cannot open connection
Mon Jun 29 19:23:42 BRT 2015 -- Gerando Cadastro domiciliar -------
Mon Jun 29 19:23:42 BRT 2015 -- Gerando Atividade Coletiva  -------
Mon Jun 29 19:25:33 BRT 2015 -- Gerando Cadastro domiciliar -------
Mon Jun 29 19:25:33 BRT 2015 -- Gerando Atividade Coletiva  -------
Mon Jun 29 19:28:10 BRT 2015 -- Gerando Cadastro domiciliar -------
Mon Jun 29 19:28:10 BRT 2015 -- Gerando cadastro --> 238 - 453 - JOAO AUGUSTO FONSECA
Mon Jun 29 19:28:10 BRT 2015 -- Gerando cadastro --> 664 - 0 - PARAISO
Mon Jun 29 19:28:10 BRT 2015 -- Gerando cadastro --> 76 - 37 - 02
Mon Jun 29 19:28:10 BRT 2015 -- Gerando cadastro --> 653 - 205 - ANEZIO ZANONI
Mon Jun 29 19:28:10 BRT 2015 -- Gerando cadastro --> 686 - 0 - LAURYETE
Mon Jun 29 19:28:10 BRT 2015 -- Gerando cadastro --> 726 - 246 - SERGINHO PEDRO
Mon Jun 29 19:28:10 BRT 2015 -- Gerando cadastro --> 728 - 150 - PAULO CRISPIM
Mon Jun 29 19:28:10 BRT 2015 -- Gerando cadastro --> 122 - 68 - ELVIRO MANCINI
Mon Jun 29 19:28:10 BRT 2015 -- Gerando cadastro --> 189 - 765 - MARCOS CANO
Mon Jun 29 19:28:10 BRT 2015 -- Gerando cadastro --> 92 - 565 - ANTONIO ALVES DE SOUZA
Mon Jun 29 19:28:10 BRT 2015 -- Gerando cadastro --> 93 - 85 - ADILSON ALVES DA SILVA
Mon Jun 29 19:28:10 BRT 2015 -- Gerando cadastro --> 94 - 651 - JOSE APARECIDO VALENTIM
Mon Jun 29 19:28:10 BRT 2015 -- Gerando cadastro --> 967 - 240 - JOANA VICENTE LEITE
Mon Jun 29 19:28:10 BRT 2015 -- Gerando cadastro --> 323 - 747 - ANTONIO BALBINO DE LIMA
Mon Jun 29 19:28:10 BRT 2015 -- Gerando cadastro --> 324 - 728 - JOAO MENEZES ROCHA
Mon Jun 29 19:28:10 BRT 2015 -- Gerando cadastro --> 650 - 230 - AVELINO MONTEIRO  ROCHA
Mon Jun 29 19:28:10 BRT 2015 -- Gerando cadastro --> 294 - 269 - GERONIMO CAETANO BARBOSA
Mon Jun 29 19:28:10 BRT 2015 -- Gerando cadastro --> 295 - 245 - GERONIMO CAETANO BARBOSA
Mon Jun 29 19:28:10 BRT 2015 -- Gerando cadastro --> 296 - 330 - ARLINDO DE ORNELAS
Mon Jun 29 19:28:10 BRT 2015 -- Gerando cadastro --> 229 - 471 - ALVINO ALVES DE AGUIAR
Mon Jun 29 19:28:10 BRT 2015 -- Gerando cadastro --> 231 - 761 - JACIRA
Mon Jun 29 19:28:10 BRT 2015 -- Gerando cadastro --> 230 - 135 - JOANA VICENTE LEITE
Mon Jun 29 19:28:10 BRT 2015 -- Gerando cadastro --> 16 - 20 - VANES JOSE LOPES
Mon Jun 29 19:28:10 BRT 2015 -- Gerando cadastro --> 112 - 799 - NELSON RAIMUNDO
Mon Jun 29 19:28:10 BRT 2015 -- Gerando cadastro --> 113 - 760 - AVIAÇÂO
Mon Jun 29 19:28:10 BRT 2015 -- Gerando cadastro --> 115 - 760 - AVIAÇÂO
Mon Jun 29 19:28:10 BRT 2015 -- Gerando cadastro --> 116 - 760 - AVIAÇÂO
Mon Jun 29 19:28:10 BRT 2015 -- Gerando cadastro --> 117 - 760 - AVIAÇÂO
Mon Jun 29 19:28:10 BRT 2015 -- Gerando cadastro --> 118 - 235 - JOAO PAULO DA SILVA
Mon Jun 29 19:28:10 BRT 2015 -- Gerando cadastro --> 119 - 235 - JOAO PAULO DA SILVA
Mon Jun 29 19:28:10 BRT 2015 -- Gerando cadastro --> 120 - 749 - JOAQUIM  DA COSTA
Mon Jun 29 19:28:10 BRT 2015 -- Gerando cadastro --> 651 - 260 - EUZEBIO BORGES PEDROSO
Mon Jun 29 19:28:10 BRT 2015 -- Gerando cadastro --> 652 - 222 - RUA DA AVIACÃO
Mon Jun 29 19:28:10 BRT 2015 -- Gerando cadastro --> 687 - 0 - ANJO LUZ
Mon Jun 29 19:28:10 BRT 2015 -- Gerando cadastro --> 717 - 0 - TERERE
Mon Jun 29 19:28:10 BRT 2015 -- Gerando cadastro --> 753 - 85 - SERGINHO PEDRO
Mon Jun 29 19:28:10 BRT 2015 -- Gerando cadastro --> 773 - 2 - RUA 3 QUADRA 16
Mon Jun 29 19:28:10 BRT 2015 -- Gerando cadastro --> 774 - 3 - RUA 03 QUADRA 16
Mon Jun 29 19:28:10 BRT 2015 -- Gerando cadastro --> 775 - 4 - RUA 03 QUADRA 16
Mon Jun 29 19:28:10 BRT 2015 -- Gerando cadastro --> 776 - 5 - RUA 03 QUADRA 16
Mon Jun 29 19:28:10 BRT 2015 -- Gerando cadastro --> 778 - 1 - RUA 3 QUADRA 17
Mon Jun 29 19:28:10 BRT 2015 -- Gerando cadastro --> 779 - 2 - RUA 03 QUADRA 17
Mon Jun 29 19:28:10 BRT 2015 -- Gerando cadastro --> 852 - 0 - 2A
Mon Jun 29 19:28:10 BRT 2015 -- Gerando cadastro --> 192 - 70 - LUIZ BARBOZA
Mon Jun 29 19:28:10 BRT 2015 -- Gerando cadastro --> 20 - 70 - ADILSON ALVES DA SILVA
Mon Jun 29 19:28:10 BRT 2015 -- Gerando cadastro --> 96 - 501 - VIRIATO VIEIRA BARBOSA
Mon Jun 29 19:28:10 BRT 2015 -- Gerando cadastro --> 297 - 495 - RUA DA SERVIDAO
Mon Jun 29 19:28:10 BRT 2015 -- Gerando cadastro --> 97 - 767 - ANTONIO BALBINO DE LIMA
Mon Jun 29 19:28:10 BRT 2015 -- Gerando cadastro --> 98 - 44 - ADILSON ALVES DA SILVA
Mon Jun 29 19:28:10 BRT 2015 -- Gerando cadastro --> 99 - 44 - ADILSON ALVES DA SILVA
Mon Jun 29 19:28:10 BRT 2015 -- Gerando cadastro --> 100 - 44 - ADILSON ALVES DA SILVA
Mon Jun 29 19:28:10 BRT 2015 -- Gerando cadastro --> 240 - 1.199 - ANEZIO FRANCISCO MARQUES
Mon Jun 29 19:28:10 BRT 2015 -- Gerando cadastro --> 243 - 1.287 - JOAO GALDINO DE SOUZA
Mon Jun 29 19:28:10 BRT 2015 -- Gerando cadastro --> 256 - 50 - HERMENEGILDO DA SILVA
Mon Jun 29 19:28:10 BRT 2015 -- Gerando cadastro --> 263 - 327 - DEOCLECIANO FONSECA
Mon Jun 29 19:28:10 BRT 2015 -- Gerando cadastro --> 156 - 185 - AGRIZANTE MENDES DA SILVA
Mon Jun 29 19:28:10 BRT 2015 -- Gerando cadastro --> 241 - 123 - JOANA VICENTE LEITE
Mon Jun 29 19:28:10 BRT 2015 -- Gerando cadastro --> 242 - 203 - ADILSON ALVES DA SILVA
Mon Jun 29 19:28:10 BRT 2015 -- Gerando cadastro --> 245 - 41 - AGRIZANTE MENDES DA SILVA
Mon Jun 29 19:28:10 BRT 2015 -- Gerando cadastro --> 257 - 241 - TEIXEIRA DE CARVALHO
Mon Jun 29 19:28:10 BRT 2015 -- Gerando cadastro --> 197 - 86 - OVELINO RODRIGUES SOBRINHO
Mon Jun 29 19:28:10 BRT 2015 -- Gerando cadastro --> 258 - 330 - DORINDO RODRIGUES DO AMARAL
Mon Jun 29 19:28:10 BRT 2015 -- Gerando cadastro --> 264 - 550 - VIRIATO VIEIRA
Mon Jun 29 19:28:10 BRT 2015 -- Gerando cadastro --> 265 - 291 - DAMIÃO HORÁCIO DE MENEZES
Mon Jun 29 19:28:10 BRT 2015 -- Gerando cadastro --> 266 - 758 - ANTONIO BALBINO DE LIMA
Mon Jun 29 19:28:10 BRT 2015 -- Gerando cadastro --> 267 - 292 - LAZARO BUENO
Mon Jun 29 19:28:10 BRT 2015 -- Gerando cadastro --> 268 - 351 - DAMIÃO HORÁCIO DE MENEZES
Mon Jun 29 19:28:10 BRT 2015 -- Gerando cadastro --> 279 - 311 - MARIA PEREIRA DOS SANTOS
Mon Jun 29 19:28:10 BRT 2015 -- Gerando cadastro --> 280 - 555 - ANTONIO ALVES DE SOUZA
Mon Jun 29 19:28:10 BRT 2015 -- Gerando cadastro --> 246 - 758 - JOAO MENEZES ROCHA
Mon Jun 29 19:28:10 BRT 2015 -- Gerando cadastro --> 247 - 778 - JOAO MENEZES ROCHA
Mon Jun 29 19:28:10 BRT 2015 -- Gerando cadastro --> 248 - 748 - JOAO MENEZES ROCHA
Mon Jun 29 19:28:10 BRT 2015 -- Gerando cadastro --> 729 - 130 - PAULO CRISPIM
Mon Jun 29 19:28:10 BRT 2015 -- Gerando cadastro --> 259 - 380 - MARIA PEREIRA DOS SANTOS
Mon Jun 29 19:28:10 BRT 2015 -- Gerando cadastro --> 269 - 190 - MARIA ALMEIDA ALBUQUERQUE
Mon Jun 29 19:28:10 BRT 2015 -- Gerando cadastro --> 270 - 481 - ALVINO ALVES DE AGUIAR
Mon Jun 29 19:28:10 BRT 2015 -- Gerando cadastro --> 271 - 55 - MANOEL ALVES
Mon Jun 29 19:28:10 BRT 2015 -- Gerando cadastro --> 284 - 106 - OVELINO RODRIGUES SOBRINHO
Mon Jun 29 19:28:10 BRT 2015 -- Gerando cadastro --> 285 - 101 - RANULFO MARQUES LEAL
Mon Jun 29 19:28:10 BRT 2015 -- Gerando cadastro --> 655 - 215 - ARLINDO DE ORNELAS
Mon Jun 29 19:28:10 BRT 2015 -- Gerando cadastro --> 688 - 0 - SAO JOSE
Mon Jun 29 19:28:10 BRT 2015 -- Gerando cadastro --> 301 - 661 - AVIAÇÂO
Mon Jun 29 19:28:10 BRT 2015 -- Gerando cadastro --> 193 - 975 - IVAN ZEFERINE
Mon Jun 29 19:28:10 BRT 2015 -- Gerando cadastro --> 196 - 955 - IVAN ZEFERINE
Mon Jun 29 19:28:10 BRT 2015 -- Gerando cadastro --> 71 - 2 - 2
Mon Jun 29 19:28:10 BRT 2015 -- Gerando cadastro --> 286 - 56 - ELVIRO MANCINI
Mon Jun 29 19:28:10 BRT 2015 -- Gerando cadastro --> 287 - 321 - JOSE FRANCISCO DA SILVA
Mon Jun 29 19:28:10 BRT 2015 -- Gerando cadastro --> 288 - 182 - RANULFO MARQUES LEAL
Mon Jun 29 19:28:10 BRT 2015 -- Gerando cadastro --> 298 - 30 - MARIA ALMEIDA ALBUQUERQUE
Mon Jun 29 19:28:10 BRT 2015 -- Gerando cadastro --> 299 - 61 - AGRIZANTE MENDES DA SILVA
Mon Jun 29 19:28:10 BRT 2015 -- Gerando cadastro --> 300 - 106 - AVENIDA SAO JOSE
Mon Jun 29 19:28:10 BRT 2015 -- Gerando cadastro --> 289 - 172 - RANULFO MARQUES LEAL
Mon Jun 29 19:28:10 BRT 2015 -- Gerando cadastro --> 290 - 143 - GERONIMO CAETANO BARBOSA
Mon Jun 29 19:28:10 BRT 2015 -- Gerando cadastro --> 291 - 233 - RUA DA AVIACÃO
Mon Jun 29 19:28:10 BRT 2015 -- Gerando cadastro --> 292 - 135 - ELVIRO MANCINI
Mon Jun 29 19:28:10 BRT 2015 -- Gerando cadastro --> 278 - 252 - AGUIMAO  FERNANDES
Mon Jun 29 19:28:10 BRT 2015 -- Gerando cadastro --> 172 - 12 - LUIZ BARBOZA
Mon Jun 29 19:28:10 BRT 2015 -- Gerando cadastro --> 173 - 965 - IVAN ZEFERINE
Mon Jun 29 19:28:10 BRT 2015 -- Gerando cadastro --> 125 - 2.719 - JOAO ABREU LIMA FILHO
Mon Jun 29 19:28:10 BRT 2015 -- Gerando cadastro --> 127 - 170 - AGRIZANTE MENDES DA SIVA
Mon Jun 29 19:28:10 BRT 2015 -- Gerando cadastro --> 128 - 225 - OVELINO MONTEIRO ROCHA
Mon Jun 29 19:28:10 BRT 2015 -- Gerando cadastro --> 129 - 195 - OVELINO MONTEIRO ROCHA
Mon Jun 29 19:28:10 BRT 2015 -- Gerando cadastro --> 130 - 1.194 - JOSE ESTEVAM FILHO
Mon Jun 29 19:28:10 BRT 2015 -- Gerando cadastro --> 131 - 160 - MARIA ALMEIDA ALBUQUERQUE
Mon Jun 29 19:28:10 BRT 2015 -- Gerando cadastro --> 132 - 225 - AGRIZANTE MENDES DA SIVA
Mon Jun 29 19:28:10 BRT 2015 -- Gerando cadastro --> 133 - 884 - LEONIDIO DANTAS DA SILVA
Mon Jun 29 19:28:10 BRT 2015 -- Gerando cadastro --> 134 - 784 - LEONIDIO DANTAS DA SILVA
Mon Jun 29 19:28:10 BRT 2015 -- Gerando cadastro --> 135 - 282 - LAZARO BUENO
Mon Jun 29 19:28:10 BRT 2015 -- Gerando cadastro --> 136 - 170 - ELVIRO MANCINI
Mon Jun 29 19:28:10 BRT 2015 -- Gerando cadastro --> 137 - 1.109 - ANEZIO FRANCISCO MARQUES
Mon Jun 29 19:28:10 BRT 2015 -- Gerando cadastro --> 138 - 940 - DEOCLECIANO FONSECA
Mon Jun 29 19:28:10 BRT 2015 -- Gerando cadastro --> 139 - 1.358 - ANEZIO FRANCISCO MARQUES
Mon Jun 29 19:28:10 BRT 2015 -- Gerando cadastro --> 140 - 351 - ARLINDO DE ORNELAS
Mon Jun 29 19:28:10 BRT 2015 -- Gerando cadastro --> 141 - 54 - GERONIMO CAETANO BARBOSA
Mon Jun 29 19:28:10 BRT 2015 -- Gerando cadastro --> 656 - 0 - LOTE B
Mon Jun 29 19:28:10 BRT 2015 -- Gerando cadastro --> 689 - 0 - PE DE CEDRO
Mon Jun 29 19:28:10 BRT 2015 -- Gerando cadastro --> 720 - 0 - PULADOR
Mon Jun 29 19:28:10 BRT 2015 -- Gerando cadastro --> 721 - 0 - BURITI
Mon Jun 29 19:28:10 BRT 2015 -- Gerando cadastro --> 754 - 0 - RIO VERDE
Mon Jun 29 19:28:10 BRT 2015 -- Gerando cadastro --> 303 - 110 - EUZEBIO BORGES PEDROSO
Mon Jun 29 19:28:10 BRT 2015 -- Gerando cadastro --> 304 - 118 - ARLINDO DE ORNELAS
Mon Jun 29 19:28:10 BRT 2015 -- Gerando cadastro --> 195 - 95 - ADILSON ALVES DA SILVA
Mon Jun 29 19:28:10 BRT 2015 -- Gerando cadastro --> 142 - 1.318 - ANEZIO FRANCISCO MARQUES
Mon Jun 29 19:28:10 BRT 2015 -- Gerando cadastro --> 302 - 102 - ANEZIO ZANONI
Mon Jun 29 19:28:10 BRT 2015 -- Gerando cadastro --> 143 - 1.270 - ANEZIO ZANONI
Mon Jun 29 19:28:10 BRT 2015 -- Gerando cadastro --> 144 - 94 - ADILSON ALVES DA SILVA
Mon Jun 29 19:28:10 BRT 2015 -- Gerando cadastro --> 145 - 719 - ADILSON ALVES DA SILVA
Mon Jun 29 19:28:10 BRT 2015 -- Gerando cadastro --> 146 - 547 - LEONIDIO DANTAS DA SILVA
Mon Jun 29 19:28:10 BRT 2015 -- Gerando cadastro --> 147 - 785 - ODAIR DA SILVA SANTOS
Mon Jun 29 19:28:10 BRT 2015 -- Gerando cadastro --> 148 - 796 - LEONIDIO DANTAS DA SILVA
Mon Jun 29 19:28:10 BRT 2015 -- Gerando cadastro --> 149 - 994 - LEONIDIO DANTAS DA SILVA
Mon Jun 29 19:28:10 BRT 2015 -- Gerando cadastro --> 150 - 994 - LEONIDIO DANTAS DA SILVA
Mon Jun 29 19:28:10 BRT 2015 -- Gerando cadastro --> 151 - 141 - JOSE PEDRO DA COSTA
Mon Jun 29 19:28:10 BRT 2015 -- Gerando cadastro --> 152 - 547 - LEONIDIO DANTAS DA SILVA
Mon Jun 29 19:28:10 BRT 2015 -- Gerando cadastro --> 153 - 215 - AGRIZANTE MENDES DA SILVA
Mon Jun 29 19:28:10 BRT 2015 -- Gerando cadastro --> 154 - 511 - MARIA PEREIRA DOS SANTOS
Mon Jun 29 19:28:10 BRT 2015 -- Gerando cadastro --> 155 - 125 - MARIA ALMEIDA ALBUQUERQUE
Mon Jun 29 19:28:10 BRT 2015 -- Gerando cadastro --> 157 - 125 - LUIZ BARBOZA
Mon Jun 29 19:28:10 BRT 2015 -- Gerando cadastro --> 158 - 510 - VIRIATO VIEIRA
Mon Jun 29 19:28:10 BRT 2015 -- Gerando cadastro --> 159 - 341 - DAMIÃO HORÁCIO DE MENEZES
Mon Jun 29 19:28:10 BRT 2015 -- Gerando cadastro --> 160 - 80 - ADILSON ALVES DA SILVA
Mon Jun 29 19:28:10 BRT 2015 -- Gerando cadastro --> 80 - 321 - ALVINO ALVES DE AGUIAR
Mon Jun 29 19:28:10 BRT 2015 -- Gerando cadastro --> 161 - 80 - ADILSON ALVES DA SILVA
Mon Jun 29 19:28:10 BRT 2015 -- Gerando cadastro --> 162 - 683 - AVIAÇÂO
Mon Jun 29 19:28:10 BRT 2015 -- Gerando cadastro --> 163 - 683 - AVIAÇÂO
Mon Jun 29 19:28:10 BRT 2015 -- Gerando cadastro --> 164 - 0 - PRO. ELIZA MARIA FRANCISCO DE CAMARGO
Mon Jun 29 19:28:10 BRT 2015 -- Gerando cadastro --> 165 - 1.202 - AZIA TALAY
Mon Jun 29 19:28:10 BRT 2015 -- Gerando cadastro --> 166 - 205 - MARIA ALMEIDA ALBUQUERQUE
Mon Jun 29 19:28:10 BRT 2015 -- Gerando cadastro --> 167 - 678 - LEONIDIO DANTAS DA SILVA
Mon Jun 29 19:28:10 BRT 2015 -- Gerando cadastro --> 168 - 80 - TERESINHA SANTOS SILVA
Mon Jun 29 19:28:10 BRT 2015 -- Gerando cadastro --> 169 - 0 - JOSE PINTO NUNES
Mon Jun 29 19:28:10 BRT 2015 -- Gerando cadastro --> 170 - 190 - AGRIZANTE MENDES DA SILVA
Mon Jun 29 19:28:10 BRT 2015 -- Gerando cadastro --> 114 - 760 - AVIAÇÂO
Mon Jun 29 19:28:10 BRT 2015 -- Gerando cadastro --> 690 - 0 - PE DE CEDRO
Mon Jun 29 19:28:10 BRT 2015 -- Gerando cadastro --> 722 - 175 - SERGINHO PEDRO
Mon Jun 29 19:28:10 BRT 2015 -- Gerando cadastro --> 723 - 140 - PAULO CRISPIM
Mon Jun 29 19:28:10 BRT 2015 -- Gerando cadastro --> 782 - 5 - RUA 03 QUADRA 17
Mon Jun 29 19:28:10 BRT 2015 -- Gerando cadastro --> 783 - 6 - RUA 03 QUADRA 17
Mon Jun 29 19:28:10 BRT 2015 -- Gerando cadastro --> 305 - 431 - DEOCLECIANO FONSECA
Mon Jun 29 19:28:10 BRT 2015 -- Gerando cadastro --> 306 - 973 - AVIAÇÂO
Mon Jun 29 19:28:10 BRT 2015 -- Gerando cadastro --> 307 - 759 - CLOVIS CORDEIRO
Mon Jun 29 19:28:10 BRT 2015 -- Gerando cadastro --> 308 - 759 - CLOVIS CORDEIRO
Mon Jun 29 19:28:10 BRT 2015 -- Gerando cadastro --> 309 - 360 - VICENTE FERNANDES
Mon Jun 29 19:28:10 BRT 2015 -- Gerando cadastro --> 310 - 160 - MARIA ALMEIDA ALBUQUERQUE
Mon Jun 29 19:28:10 BRT 2015 -- Gerando cadastro --> 311 - 584 - DOMINICIANA LAURA BATISTA
Mon Jun 29 19:28:10 BRT 2015 -- Gerando cadastro --> 72 - 63 - JOSE GUILHERME DOS SANTOS
Mon Jun 29 19:28:10 BRT 2015 -- Gerando cadastro --> 281 - 471 - MARIA PEREIRA DOS SANTOS
Mon Jun 29 19:28:10 BRT 2015 -- Gerando cadastro --> 283 - 61 - HERMENEGILDO DA SILVA
Mon Jun 29 19:28:10 BRT 2015 -- Gerando cadastro --> 239 - 1.199 - ANEZIO FRANCISCO MARQUES
Mon Jun 29 19:28:10 BRT 2015 -- Gerando cadastro --> 658 - 0 - SANTANA
Mon Jun 29 19:28:10 BRT 2015 -- Gerando cadastro --> 691 - 0 - LILIORA
Mon Jun 29 19:28:10 BRT 2015 -- Gerando cadastro --> 724 - 0 - PRUDENTE
Mon Jun 29 19:28:10 BRT 2015 -- Gerando cadastro --> 725 - 0 - TERERE
Mon Jun 29 19:28:10 BRT 2015 -- Gerando cadastro --> 755 - 0 - RIO VERDE
Mon Jun 29 19:28:10 BRT 2015 -- Gerando cadastro --> 777 - 6 - RUA 03 QUADRA 16
Mon Jun 29 19:28:10 BRT 2015 -- Gerando cadastro --> 781 - 4 - RUA 03 QUADRA 17
Mon Jun 29 19:28:10 BRT 2015 -- Gerando cadastro --> 842 - 26 - RUA 22 LOTE
Mon Jun 29 19:28:10 BRT 2015 -- Gerando cadastro --> 856 - 9 - RUA 09 QUADRA 14
Mon Jun 29 19:28:10 BRT 2015 -- Gerando cadastro --> 857 - 10 - RUA 09 QUADRA 14
Mon Jun 29 19:28:10 BRT 2015 -- Gerando cadastro --> 858 - 11 - RUA 09 QUADRA 14
Mon Jun 29 19:28:10 BRT 2015 -- Gerando cadastro --> 859 - 12 - RUA 09 QUADRA 14
Mon Jun 29 19:28:10 BRT 2015 -- Gerando cadastro --> 860 - 9 - RUA 09 QUADRA 14
Mon Jun 29 19:28:10 BRT 2015 -- Gerando cadastro --> 861 - 8 - RUA 09 QUADRA 14
Mon Jun 29 19:28:10 BRT 2015 -- Gerando cadastro --> 862 - 7 - RUA 09 QUADRA 15
Mon Jun 29 19:28:10 BRT 2015 -- Gerando cadastro --> 863 - 3 - RUA 09 QUADRA 15
Mon Jun 29 19:28:10 BRT 2015 -- Gerando cadastro --> 864 - 1 - RUA 03 QUADRA 15
Mon Jun 29 19:28:10 BRT 2015 -- Gerando cadastro --> 865 - 2 - RUA 03 QUADRA 15
Mon Jun 29 19:28:10 BRT 2015 -- Gerando cadastro --> 866 - 3 - RUA 03 QUADRA 15
Mon Jun 29 19:28:10 BRT 2015 -- Gerando cadastro --> 867 - 6 - RUA 03 QUADRA 15
Mon Jun 29 19:28:10 BRT 2015 -- Gerando cadastro --> 869 - 11 - RUA 11 QUADRA 15
Mon Jun 29 19:28:10 BRT 2015 -- Gerando cadastro --> 870 - 12 - RUA 11 QUADRA 15
Mon Jun 29 19:28:10 BRT 2015 -- Gerando cadastro --> 871 - 10 - RUA 01 QUADRA 21
Mon Jun 29 19:28:10 BRT 2015 -- Gerando cadastro --> 872 - 9 - RUA 01 QUADRA 21
Mon Jun 29 19:28:10 BRT 2015 -- Gerando cadastro --> 756 - 0 - BEATRIZ
Mon Jun 29 19:28:10 BRT 2015 -- Gerando cadastro --> 757 - 0 - BEATRIZ
Mon Jun 29 19:28:10 BRT 2015 -- Gerando cadastro --> 758 - 0 - BEATRIZ
Mon Jun 29 19:28:10 BRT 2015 -- Gerando cadastro --> 759 - 0 - RIO VERDE
Mon Jun 29 19:28:10 BRT 2015 -- Gerando cadastro --> 760 - 0 - BEATRIZ
Mon Jun 29 19:28:10 BRT 2015 -- Gerando cadastro --> 312 - 361 - ARLINDO DE ORNELAS
Mon Jun 29 19:28:10 BRT 2015 -- Gerando cadastro --> 313 - 125 - ANEZIO ZANONI
Mon Jun 29 19:28:10 BRT 2015 -- Gerando cadastro --> 314 - 75 - JOANA VICENTE LEITE
Mon Jun 29 19:28:10 BRT 2015 -- Gerando cadastro --> 187 - 362 - AGENOR MARINHO DE SOUZA
Mon Jun 29 19:28:10 BRT 2015 -- Gerando cadastro --> 315 - 705 - JOSE FRANCISCO DA SILVA
Mon Jun 29 19:28:10 BRT 2015 -- Gerando cadastro --> 188 - 620 - ANTONIO ALVES DE SOUZA
Mon Jun 29 19:28:10 BRT 2015 -- Gerando cadastro --> 205 - 200 - MARIA ALMEIDA
Mon Jun 29 19:28:10 BRT 2015 -- Gerando cadastro --> 206 - 797 - ERCILIO AUGUSTO FONSECA
Mon Jun 29 19:28:10 BRT 2015 -- Gerando cadastro --> 207 - 500 - VIRIATO VIEIRA
Mon Jun 29 19:28:10 BRT 2015 -- Gerando cadastro --> 208 - 9.743 - MARCOS CANO
Mon Jun 29 19:28:10 BRT 2015 -- Gerando cadastro --> 226 - 371 - MARIA PEREIRA DOS SANTOS
Mon Jun 29 19:28:10 BRT 2015 -- Gerando cadastro --> 227 - 470 - MARIA CAIRES DA SILVA
Mon Jun 29 19:28:10 BRT 2015 -- Gerando cadastro --> 228 - 521 - MARIA PEREIRA DOS SANTOS
Mon Jun 29 19:28:10 BRT 2015 -- Gerando cadastro --> 659 - 6 - RUA 02 QUADRA 19
Mon Jun 29 19:28:10 BRT 2015 -- Gerando cadastro --> 692 - 0 - 7 IRMAOS
Mon Jun 29 19:28:10 BRT 2015 -- Gerando cadastro --> 693 - 0 - 7 IRMAOS
Mon Jun 29 19:28:10 BRT 2015 -- Gerando cadastro --> 780 - 3 - RUA 03 QUADRA 17
Mon Jun 29 19:28:10 BRT 2015 -- Gerando cadastro --> 784 - 1 - RUA 15 QUADRA 18
Mon Jun 29 19:28:10 BRT 2015 -- Gerando cadastro --> 785 - 2 - RUA 15 QUADRA 18
Mon Jun 29 19:28:10 BRT 2015 -- Gerando cadastro --> 786 - 3 - RUA 15 QUADRA 18
Mon Jun 29 19:28:10 BRT 2015 -- Gerando cadastro --> 843 - 4 - RUA 21 LOTE
Mon Jun 29 19:28:10 BRT 2015 -- Gerando cadastro --> 853 - 0 - BELEZA DO RIO VERDE
Mon Jun 29 19:28:10 BRT 2015 -- Gerando cadastro --> 873 - 16 - RUA 21 LOTE
Mon Jun 29 19:28:10 BRT 2015 -- Gerando cadastro --> 874 - 6 - RUA 21 LOTE
Mon Jun 29 19:28:10 BRT 2015 -- Gerando cadastro --> 890 - 1 - RECANTO DO PEIXE
Mon Jun 29 19:28:10 BRT 2015 -- Gerando cadastro --> 891 - 1 - 07
Mon Jun 29 19:28:10 BRT 2015 -- Gerando cadastro --> 902 - 0 - BEATRIZ
Mon Jun 29 19:28:10 BRT 2015 -- Gerando cadastro --> 903 - 0 - IRMAOS LEITE
Mon Jun 29 19:28:10 BRT 2015 -- Gerando cadastro --> 925 - 0 - GUARASUIA
Mon Jun 29 19:28:10 BRT 2015 -- Gerando cadastro --> 232 - 610 - ANTONIO ALVES DE SOUZA
Mon Jun 29 19:28:10 BRT 2015 -- Gerando cadastro --> 249 - 785 - NILDO BORELI
Mon Jun 29 19:28:10 BRT 2015 -- Gerando cadastro --> 316 - 165 - JOANA VICENTE LEITE
Mon Jun 29 19:28:10 BRT 2015 -- Gerando cadastro --> 317 - 321 - ARLINDO DE ORNELAS
Mon Jun 29 19:28:10 BRT 2015 -- Gerando cadastro --> 318 - 115 - ANEZIO ZANONI
Mon Jun 29 19:28:10 BRT 2015 -- Gerando cadastro --> 319 - 351 - ARLINDO DE ORNELAS
Mon Jun 29 19:28:10 BRT 2015 -- Gerando cadastro --> 17 - 661 - CLOVIS CORDEIRO
Mon Jun 29 19:28:10 BRT 2015 -- Gerando cadastro --> 18 - 971 - HELIO MARTINEZ JUNIOR
Mon Jun 29 19:28:10 BRT 2015 -- Gerando cadastro --> 19 - 707 - JOAO ABREU LIMA FILHO
Mon Jun 29 19:28:10 BRT 2015 -- Gerando cadastro --> 21 - 0 - PROF. ELIZA MARIA FRANCISCO DE CAMARGO
Mon Jun 29 19:28:10 BRT 2015 -- Gerando cadastro --> 22 - 68 - ADILSON ALVES DA SILVA
Mon Jun 29 19:28:10 BRT 2015 -- Gerando cadastro --> 23 - 641 - JOAO ABREU LIMA FILHO
Mon Jun 29 19:28:10 BRT 2015 -- Gerando cadastro --> 662 - 160 - AVELINO MONTEIRO  ROCHA
Mon Jun 29 19:28:10 BRT 2015 -- Gerando cadastro --> 663 - 95 - MANOEL ALVES
Mon Jun 29 19:28:10 BRT 2015 -- Gerando cadastro --> 694 - 3 - RUA 10 QUADRA 03
Mon Jun 29 19:28:11 BRT 2015 -- Gerando cadastro --> 695 - 10 - RUA 04 QUADRA 03
Mon Jun 29 19:28:11 BRT 2015 -- Gerando cadastro --> 696 - 9 - RUA 04 QUADRA 03
Mon Jun 29 19:28:11 BRT 2015 -- Gerando cadastro --> 697 - 10 - RUA 04 QUADRA 03
Mon Jun 29 19:28:11 BRT 2015 -- Gerando cadastro --> 698 - 7 - RUA 04 QUADRA 04
Mon Jun 29 19:28:11 BRT 2015 -- Gerando cadastro --> 699 - 8 - RUA 04 QUADRA 04
Mon Jun 29 19:28:11 BRT 2015 -- Gerando cadastro --> 700 - 9 - RUA 04 QUADRA 04
Mon Jun 29 19:28:11 BRT 2015 -- Gerando cadastro --> 660 - 130 - AVELINO MONTEIRO  ROCHA
Mon Jun 29 19:28:11 BRT 2015 -- Gerando cadastro --> 661 - 596 - LEONIDIO DANTAS DA SILVA
Mon Jun 29 19:28:11 BRT 2015 -- Gerando cadastro --> 727 - 0 - RIO VERDE
Mon Jun 29 19:28:11 BRT 2015 -- Gerando cadastro --> 762 - 36 - RUA 18 LOTE
Mon Jun 29 19:28:11 BRT 2015 -- Gerando cadastro --> 763 - 32 - RUA 20 LOTE
Mon Jun 29 19:28:11 BRT 2015 -- Gerando cadastro --> 764 - 35 - RUA 20 LOTE
Mon Jun 29 19:28:11 BRT 2015 -- Gerando cadastro --> 765 - 0 - BR 158 KM 329
Mon Jun 29 19:28:11 BRT 2015 -- Gerando cadastro --> 787 - 0 - BAR DO RIO VERDE
Mon Jun 29 19:28:11 BRT 2015 -- Gerando cadastro --> 788 - 0 - BAR DO RIO VERDE
Mon Jun 29 19:28:11 BRT 2015 -- Gerando cadastro --> 789 - 0 - BAR DO RIO VERDE
Mon Jun 29 19:28:11 BRT 2015 -- Gerando cadastro --> 790 - 0 - BEATRIZ
Mon Jun 29 19:28:11 BRT 2015 -- Gerando cadastro --> 791 - 0 - 3  IRMAOS
Mon Jun 29 19:28:11 BRT 2015 -- Gerando cadastro --> 794 - 0 - 3 IRMÃOS
Mon Jun 29 19:28:11 BRT 2015 -- Gerando cadastro --> 795 - 0 - RIO VERDE
Mon Jun 29 19:28:11 BRT 2015 -- Gerando cadastro --> 830 - 0 - LEILA
Mon Jun 29 19:28:11 BRT 2015 -- Gerando cadastro --> 844 - 0 - TERERE
Mon Jun 29 19:28:11 BRT 2015 -- Gerando cadastro --> 868 - 10 - RUA 11 QUADRA 15
Mon Jun 29 19:28:11 BRT 2015 -- Gerando cadastro --> 320 - 98 - ARLINDO DE ORNELAS
Mon Jun 29 19:28:11 BRT 2015 -- Gerando cadastro --> 701 - 10 - RUA 04 QUADRA 04
Mon Jun 29 19:28:11 BRT 2015 -- Gerando cadastro --> 702 - 11 - RUA 04 QUADRA 04
Mon Jun 29 19:28:11 BRT 2015 -- Gerando cadastro --> 703 - 12 - RUA 04 QUADRA 04
Mon Jun 29 19:28:11 BRT 2015 -- Gerando cadastro --> 704 - 8 - RUA 04 QUADRA 05
Mon Jun 29 19:28:11 BRT 2015 -- Gerando cadastro --> 705 - 9 - RUA 04 QUADRA 05
Mon Jun 29 19:28:11 BRT 2015 -- Gerando cadastro --> 706 - 10 - RUA 04 QUADRA 05
Mon Jun 29 19:28:11 BRT 2015 -- Gerando cadastro --> 707 - 2 - RUA 10 QUADRA 03
Mon Jun 29 19:28:11 BRT 2015 -- Gerando cadastro --> 893 - 1 - ESTANCIA PARAISO DE DEUS
Mon Jun 29 19:28:11 BRT 2015 -- Gerando cadastro --> 767 - 25 - RUA 22 LOTE
Mon Jun 29 19:28:11 BRT 2015 -- Gerando cadastro --> 766 - 31 - RUA 20 LOTE
Mon Jun 29 19:28:11 BRT 2015 -- Gerando cadastro --> 796 - 0 - ELDORADO
Mon Jun 29 19:28:11 BRT 2015 -- Gerando cadastro --> 797 - 0 - PRUDENTE
Mon Jun 29 19:28:11 BRT 2015 -- Gerando cadastro --> 845 - 1 - RUA 21 LOTE
Mon Jun 29 19:28:11 BRT 2015 -- Gerando cadastro --> 875 - 13 - RUA 22 LOTE
Mon Jun 29 19:28:11 BRT 2015 -- Gerando cadastro --> 876 - 6 - RUA 21 LOTE
Mon Jun 29 19:28:11 BRT 2015 -- Gerando cadastro --> 831 - 7 - RUA 07 QUADRA 14
Mon Jun 29 19:28:11 BRT 2015 -- Gerando cadastro --> 947 - 717 - ERCILIO AUGUSTO FONSECA
Mon Jun 29 19:28:11 BRT 2015 -- Gerando cadastro --> 126 - 170 - NATANEL PAULO DA SILVA
Mon Jun 29 19:28:11 BRT 2015 -- Gerando cadastro --> 214 - 1.040 - JOSE ESTEVAM FILHO
Mon Jun 29 19:28:11 BRT 2015 -- Gerando cadastro --> 215 - 1.174 - JOSE ESTEVAM FILHO
Mon Jun 29 19:28:11 BRT 2015 -- Gerando cadastro --> 216 - 1.052 - DEOCLECIANO FONSECA
Mon Jun 29 19:28:11 BRT 2015 -- Gerando cadastro --> 217 - 810 - DR TEIXEIRA DE CARVALHO
Mon Jun 29 19:28:11 BRT 2015 -- Gerando cadastro --> 73 - 71 - ELIAS SILVERIO RIBEIRO
Mon Jun 29 19:28:11 BRT 2015 -- Gerando cadastro --> 244 - 161 - ANEZIO FRANCISCO MARQUES
Mon Jun 29 19:28:11 BRT 2015 -- Gerando cadastro --> 194 - 95 - ADILSON ALVES DA SILVA
Mon Jun 29 19:28:11 BRT 2015 -- Gerando cadastro --> 74 - 3 - 03
Mon Jun 29 19:28:11 BRT 2015 -- Gerando cadastro --> 75 - 1 - PROJETADA
Mon Jun 29 19:28:11 BRT 2015 -- Gerando cadastro --> 77 - 26 - 02
Mon Jun 29 19:28:11 BRT 2015 -- Gerando cadastro --> 78 - 52 - 03
Mon Jun 29 19:28:11 BRT 2015 -- Gerando cadastro --> 79 - 23 - JOSE GUILHERME DOS SANTOS
Mon Jun 29 19:28:11 BRT 2015 -- Gerando cadastro --> 81 - 71 - HERMENEGILDO DA SILVA
Mon Jun 29 19:28:11 BRT 2015 -- Gerando cadastro --> 82 - 795 - LEONIDIO DANTAS DA SILVA
Mon Jun 29 19:28:11 BRT 2015 -- Gerando cadastro --> 665 - 953 - JOÃO AUGUSTO FONSECA
Mon Jun 29 19:28:11 BRT 2015 -- Gerando cadastro --> 666 - 311 - JOAO PAULO DA SILVA
Mon Jun 29 19:28:11 BRT 2015 -- Gerando cadastro --> 667 - 956 - JOÃO AUGUSTO FONSECA
Mon Jun 29 19:28:11 BRT 2015 -- Gerando cadastro --> 668 - 852 - NILDO BORELI
Mon Jun 29 19:28:11 BRT 2015 -- Gerando cadastro --> 669 - 852 - NILDO BORELI
Mon Jun 29 19:28:11 BRT 2015 -- Gerando cadastro --> 670 - 265 - DEOCLECIANO FONSECA
Mon Jun 29 19:28:11 BRT 2015 -- Gerando cadastro --> 671 - 930 - NILDO BORELI
Mon Jun 29 19:28:11 BRT 2015 -- Gerando cadastro --> 708 - 0 - SANTA ERNESTINA
Mon Jun 29 19:28:11 BRT 2015 -- Gerando cadastro --> 718 - 0 - SANTA ERNESTINA
Mon Jun 29 19:28:11 BRT 2015 -- Gerando cadastro --> 798 - 0 - IGREJINHA
Mon Jun 29 19:28:11 BRT 2015 -- Gerando cadastro --> 799 - 0 - OLIMPIA
Mon Jun 29 19:28:11 BRT 2015 -- Gerando cadastro --> 800 - 0 - RIO VERDE
Mon Jun 29 19:28:11 BRT 2015 -- Gerando cadastro --> 801 - 0 - RIO VERDE
Mon Jun 29 19:28:11 BRT 2015 -- Gerando cadastro --> 802 - 0 - RIO VERDE
Mon Jun 29 19:28:11 BRT 2015 -- Gerando cadastro --> 803 - 0 - RIO VERDE
Mon Jun 29 19:28:11 BRT 2015 -- Gerando cadastro --> 804 - 4 - DOIS Q 19
Mon Jun 29 19:28:11 BRT 2015 -- Gerando cadastro --> 805 - 0 - TERERE
Mon Jun 29 19:28:11 BRT 2015 -- Gerando cadastro --> 832 - 1 - RUA 03 QUADRA 14
Mon Jun 29 19:28:11 BRT 2015 -- Gerando cadastro --> 833 - 2 - RUA 03 QUADRA 14
Mon Jun 29 19:28:11 BRT 2015 -- Gerando cadastro --> 846 - 22 - RUA 22 LOTE
Mon Jun 29 19:28:11 BRT 2015 -- Gerando cadastro --> 877 - 21 - RUA 22 LOTE
Mon Jun 29 19:28:11 BRT 2015 -- Gerando cadastro --> 878 - 11 - RUA 22 LOTE
Mon Jun 29 19:28:11 BRT 2015 -- Gerando cadastro --> 880 - 7 - RUA 01 QUADRA 21
Mon Jun 29 19:28:11 BRT 2015 -- Gerando cadastro --> 83 - 774 - AVIAÇÂO
Mon Jun 29 19:28:11 BRT 2015 -- Gerando cadastro --> 282 - 915 - LEONIDIO DANTAS DA SILVA
Mon Jun 29 19:28:11 BRT 2015 -- Gerando cadastro --> 121 - 371 - DAMIÃO HORÁCIO DE MENEZES
Mon Jun 29 19:28:11 BRT 2015 -- Gerando cadastro --> 209 - 145 - OVELINO RODRIGUES SOBRINHO
Mon Jun 29 19:28:11 BRT 2015 -- Gerando cadastro --> 210 - 695 - JOAO ABREU LIMA FILHO
Mon Jun 29 19:28:11 BRT 2015 -- Gerando cadastro --> 211 - 71 - EMILIA BICHOFFI
Mon Jun 29 19:28:11 BRT 2015 -- Gerando cadastro --> 198 - 99 - OVELINO RODRIGUES SOBRINHO
Mon Jun 29 19:28:11 BRT 2015 -- Gerando cadastro --> 234 - 60 - ALCIDES PAREDES CREPALDI
Mon Jun 29 19:28:11 BRT 2015 -- Gerando cadastro --> 235 - 746 - AVIAÇÂO
Mon Jun 29 19:28:11 BRT 2015 -- Gerando cadastro --> 190 - 225 - NATANEL PAULO DA SILVA
Mon Jun 29 19:28:11 BRT 2015 -- Gerando cadastro --> 218 - 310 - MARIA PEREIRA DOS SANTOS
Mon Jun 29 19:28:11 BRT 2015 -- Gerando cadastro --> 219 - 768 - NELSON RAIMUNDO
Mon Jun 29 19:28:11 BRT 2015 -- Gerando cadastro --> 220 - 697 - MARCOS CANO
Mon Jun 29 19:28:11 BRT 2015 -- Gerando cadastro --> 293 - 252 - RUA DA AVIACÃO
Mon Jun 29 19:28:11 BRT 2015 -- Gerando cadastro --> 24 - 641 - JOAO ABREU LIMA FILHO
Mon Jun 29 19:28:11 BRT 2015 -- Gerando cadastro --> 25 - 677 - MARCOS CANO
Mon Jun 29 19:28:11 BRT 2015 -- Gerando cadastro --> 26 - 854 - LEONIDIO DANTAS DA SILVA
Mon Jun 29 19:28:11 BRT 2015 -- Gerando cadastro --> 250 - 250 - JOAO PAULO DA SILVA
Mon Jun 29 19:28:11 BRT 2015 -- Gerando cadastro --> 251 - 326 - DEOCLECIANO FONSECA
Mon Jun 29 19:28:11 BRT 2015 -- Gerando cadastro --> 252 - 320 - ISAIAS FRANÇA
Mon Jun 29 19:28:11 BRT 2015 -- Gerando cadastro --> 253 - 745 - JOÃO AUGUSTO FONSECA
Mon Jun 29 19:28:11 BRT 2015 -- Gerando cadastro --> 254 - 757 - JOAO AUGUSTO FONSECA
Mon Jun 29 19:28:11 BRT 2015 -- Gerando cadastro --> 255 - 495 - FRANCISCO DA SILVA
Mon Jun 29 19:28:11 BRT 2015 -- Gerando cadastro --> 260 - 777 - ERCILIO AUGUSTO FONSECA
Mon Jun 29 19:28:11 BRT 2015 -- Gerando cadastro --> 261 - 787 - ERCILIO AUGUSTO FONSECA
Mon Jun 29 19:28:11 BRT 2015 -- Gerando cadastro --> 272 - 734 - JOAO AUGUSTO FONSECA
Mon Jun 29 19:28:11 BRT 2015 -- Gerando cadastro --> 273 - 445 - DEOCLECIANO FONSECA
Mon Jun 29 19:28:11 BRT 2015 -- Gerando cadastro --> 274 - 445 - DEOCLECIANO FONSECA
Mon Jun 29 19:28:11 BRT 2015 -- Gerando cadastro --> 275 - 351 - ALVINO ALVES DE AGUIAR
Mon Jun 29 19:28:11 BRT 2015 -- Gerando cadastro --> 276 - 705 - ODAIR DA SILVA SANTOS
Mon Jun 29 19:28:11 BRT 2015 -- Gerando cadastro --> 321 - 204 - GERONIMO CAETANO BARBOSA
Mon Jun 29 19:28:11 BRT 2015 -- Gerando cadastro --> 322 - 260 - EUZEBIO BORGES PEDROSO
Mon Jun 29 19:28:11 BRT 2015 -- Gerando cadastro --> 27 - 677 - MARCOS CANO
Mon Jun 29 19:28:11 BRT 2015 -- Gerando cadastro --> 28 - 854 - LEONIDIO DANTAS DA SILVA
Mon Jun 29 19:28:11 BRT 2015 -- Gerando cadastro --> 29 - 195 - AGRIZANTE MENDES DA SIVA
Mon Jun 29 19:28:11 BRT 2015 -- Gerando cadastro --> 30 - 195 - AGRIZANTE MENDES DA SIVA
Mon Jun 29 19:28:11 BRT 2015 -- Gerando cadastro --> 31 - 607 - LEONIDIO DANTAS DA SILVA
Mon Jun 29 19:28:11 BRT 2015 -- Gerando cadastro --> 673 - 0 - 3 IRMÃOS
Mon Jun 29 19:28:11 BRT 2015 -- Gerando cadastro --> 32 - 607 - LEONIDIO DANTAS DA SILVA
Mon Jun 29 19:28:11 BRT 2015 -- Gerando cadastro --> 33 - 942 - JOÃO AUGUSTO FONSECA
Mon Jun 29 19:28:11 BRT 2015 -- Gerando cadastro --> 34 - 942 - JOÃO AUGUSTO FONSECA
Mon Jun 29 19:28:11 BRT 2015 -- Gerando cadastro --> 35 - 85 - ADILSON ALVES DA SILVA
Mon Jun 29 19:28:11 BRT 2015 -- Gerando cadastro --> 36 - 748 - ERCILIO AUGUSTO FONSECA
Mon Jun 29 19:28:11 BRT 2015 -- Gerando cadastro --> 37 - 758 - ERCILIO AUGUSTO FONSECA
Mon Jun 29 19:28:11 BRT 2015 -- Gerando cadastro --> 38 - 758 - ERCILIO AUGUSTO FONSECA
Mon Jun 29 19:28:11 BRT 2015 -- Gerando cadastro --> 40 - 728 - NELSON RAIMUNDO
Mon Jun 29 19:28:11 BRT 2015 -- Gerando cadastro --> 233 - 600 - ANTONIO ALVES DE SOUZA
Mon Jun 29 19:28:11 BRT 2015 -- Gerando cadastro --> 236 - 31 - EMILIA BICHOFFI
Mon Jun 29 19:28:11 BRT 2015 -- Gerando cadastro --> 237 - 179 - AVENIDA SAO JOSE
Mon Jun 29 19:28:11 BRT 2015 -- Gerando cadastro --> 212 - 244 - AVENIA SAO JOSE
Mon Jun 29 19:28:11 BRT 2015 -- Gerando cadastro --> 213 - 276 - JOÃO AUGUSTO FONSECA
Mon Jun 29 19:28:11 BRT 2015 -- Gerando cadastro --> 41 - 728 - NESON RAIMUNDO
Mon Jun 29 19:28:11 BRT 2015 -- Gerando cadastro --> 191 - 1.106 - DEOCLECIANO FONSECA
Mon Jun 29 19:28:11 BRT 2015 -- Gerando cadastro --> 42 - 747 - ERCILIO AUGUSTO FONSECA
Mon Jun 29 19:28:11 BRT 2015 -- Gerando cadastro --> 43 - 510 - JOÃO AUGUSTO FONSECA
Mon Jun 29 19:28:11 BRT 2015 -- Gerando cadastro --> 44 - 510 - JOÃO AUGUSTO FONSECA
Mon Jun 29 19:28:11 BRT 2015 -- Gerando cadastro --> 45 - 510 - JOÃO AUGUSTO FONSECA
Mon Jun 29 19:28:11 BRT 2015 -- Gerando cadastro --> 46 - 510 - JOÃO AUGUSTO FONSECA
Mon Jun 29 19:28:11 BRT 2015 -- Gerando cadastro --> 47 - 757 - IDOLO GUASTALDI
Mon Jun 29 19:28:11 BRT 2015 -- Gerando cadastro --> 48 - 757 - IDOLO GUASTALDI
Mon Jun 29 19:28:11 BRT 2015 -- Gerando cadastro --> 49 - 155 - MARIA ALMEIDA ALBUQUERQUE
Mon Jun 29 19:28:11 BRT 2015 -- Gerando cadastro --> 50 - 155 - MARIA ALMEIDA ALBUQUERQUE
Mon Jun 29 19:28:11 BRT 2015 -- Gerando cadastro --> 51 - 966 - IVAN ZEFERINE
Mon Jun 29 19:28:11 BRT 2015 -- Gerando cadastro --> 52 - 130 - DENYS VITORIANO
Mon Jun 29 19:28:11 BRT 2015 -- Gerando cadastro --> 53 - 986 - IVAN ZEFERINE
Mon Jun 29 19:28:11 BRT 2015 -- Gerando cadastro --> 54 - 1.071 - NILDO BORELI
Mon Jun 29 19:28:11 BRT 2015 -- Gerando cadastro --> 199 - 81 - EMILIA BICHOFFI
Mon Jun 29 19:28:11 BRT 2015 -- Gerando cadastro --> 262 - 275 - AVIAÇÂO
Mon Jun 29 19:28:11 BRT 2015 -- Gerando cadastro --> 277 - 377 - ANEZIO ZANONI
Mon Jun 29 19:28:11 BRT 2015 -- Gerando cadastro --> 55 - 320 - VICENTE FERNANDES
Mon Jun 29 19:28:11 BRT 2015 -- Gerando cadastro --> 56 - 70 - OVELINO RODRIGUES SOBRINHO
Mon Jun 29 19:28:11 BRT 2015 -- Gerando cadastro --> 57 - 70 - OVELINO RODRIGUES SOBRINHO
Mon Jun 29 19:28:11 BRT 2015 -- Gerando cadastro --> 58 - 34 - ADILSON ALVES DA SILVA
Mon Jun 29 19:28:11 BRT 2015 -- Gerando cadastro --> 59 - 34 - ADILSON ALVES DA SILVA
Mon Jun 29 19:28:11 BRT 2015 -- Gerando cadastro --> 675 - 0 - SANTA CECILIA
Mon Jun 29 19:28:11 BRT 2015 -- Gerando cadastro --> 709 - 1 - RUA 05 LOTE
Mon Jun 29 19:28:11 BRT 2015 -- Gerando cadastro --> 719 - 182 - JAIME PASTICK
Mon Jun 29 19:28:11 BRT 2015 -- Gerando cadastro --> 654 - 328 - RUA DA AVIACÃO
Mon Jun 29 19:28:11 BRT 2015 -- Gerando cadastro --> 676 - 0 - RIO VERDE
Mon Jun 29 19:28:11 BRT 2015 -- Gerando cadastro --> 730 - 12 - RUA 04 QUADRA 05
Mon Jun 29 19:28:11 BRT 2015 -- Gerando cadastro --> 733 - 13 - RUA 04 QUADRA 05
Mon Jun 29 19:28:11 BRT 2015 -- Gerando cadastro --> 734 - 5 - RUA 13 QUADRA 09
Mon Jun 29 19:28:11 BRT 2015 -- Gerando cadastro --> 735 - 1 - RUA 04 QUADRA 10
Mon Jun 29 19:28:11 BRT 2015 -- Gerando cadastro --> 736 - 7 - RUA 04 QUADRA 10
Mon Jun 29 19:28:11 BRT 2015 -- Gerando cadastro --> 737 - 2 - RUA 13 QUADRA 10
Mon Jun 29 19:28:11 BRT 2015 -- Gerando cadastro --> 738 - 3 - RUA 13 QUADRA 10
Mon Jun 29 19:28:11 BRT 2015 -- Gerando cadastro --> 739 - 4 - RUA 13 QUADRA 10
Mon Jun 29 19:28:11 BRT 2015 -- Gerando cadastro --> 740 - 5 - RUA 15 QUADRA 10
Mon Jun 29 19:28:11 BRT 2015 -- Gerando cadastro --> 741 - 5 - RUA 15 QUADRA 10
Mon Jun 29 19:28:11 BRT 2015 -- Gerando cadastro --> 742 - 1 - RUA 04 QUADRA 11
Mon Jun 29 19:28:11 BRT 2015 -- Gerando cadastro --> 743 - 2 - RUA 15 QUADRA 11
Mon Jun 29 19:28:11 BRT 2015 -- Gerando cadastro --> 744 - 3 - RUA 15 QUADRA 11
Mon Jun 29 19:28:11 BRT 2015 -- Gerando cadastro --> 745 - 1 - RUA 03 QUADRA 16
Mon Jun 29 19:28:11 BRT 2015 -- Gerando cadastro --> 751 - 5 - RUA 21 LOTE
Mon Jun 29 19:28:11 BRT 2015 -- Gerando cadastro --> 806 - 14 - RUA 04 QUADRA 05
Mon Jun 29 19:28:11 BRT 2015 -- Gerando cadastro --> 807 - 2 - RUA 13 QUADRA 09
Mon Jun 29 19:28:11 BRT 2015 -- Gerando cadastro --> 808 - 3 - RUA 13 QUADRA 09
Mon Jun 29 19:28:11 BRT 2015 -- Gerando cadastro --> 809 - 4 - RUA 13 QUADRA 09
Mon Jun 29 19:28:11 BRT 2015 -- Gerando cadastro --> 810 - 7 - RUA 15 QUADRA 10
Mon Jun 29 19:28:11 BRT 2015 -- Gerando cadastro --> 811 - 4 - RUA 15 QUADRA 18
Mon Jun 29 19:28:11 BRT 2015 -- Gerando cadastro --> 812 - 8 - RUA 15 QUADRA 18
Mon Jun 29 19:28:11 BRT 2015 -- Gerando cadastro --> 813 - 9 - RUA 15 QUADRA 18
Mon Jun 29 19:28:11 BRT 2015 -- Gerando cadastro --> 814 - 12 - RUA 02 QUADRA 17
Mon Jun 29 19:28:11 BRT 2015 -- Gerando cadastro --> 815 - 11 - RUA 02 QUADRA 17
Mon Jun 29 19:28:11 BRT 2015 -- Gerando cadastro --> 816 - 10 - RUA 02 QUADRA 17
Mon Jun 29 19:28:11 BRT 2015 -- Gerando cadastro --> 817 - 7 - RUA 02 QUADRA 17
Mon Jun 29 19:28:11 BRT 2015 -- Gerando cadastro --> 818 - 10 - RUA 02 QUADRA 18
Mon Jun 29 19:28:11 BRT 2015 -- Gerando cadastro --> 819 - 11 - RUA 02 QUADRA 16
Mon Jun 29 19:28:11 BRT 2015 -- Gerando cadastro --> 820 - 10 - RUA 02 QUADRA 16
Mon Jun 29 19:28:11 BRT 2015 -- Gerando cadastro --> 821 - 9 - RUA 02 QUADRA 16
Mon Jun 29 19:28:11 BRT 2015 -- Gerando cadastro --> 823 - 7 - RUA 02 QUADRA 16
Mon Jun 29 19:28:11 BRT 2015 -- Gerando cadastro --> 824 - 1 - SITIO
Mon Jun 29 19:28:11 BRT 2015 -- Gerando cadastro --> 835 - 0 - SANTO ANTONIO
Mon Jun 29 19:28:11 BRT 2015 -- Gerando cadastro --> 898 - 1 - FAZENDA YPE ROXO
Mon Jun 29 19:28:11 BRT 2015 -- Gerando cadastro --> 672 - 0 - SAO JOSE II
Mon Jun 29 19:28:11 BRT 2015 -- Gerando cadastro --> 677 - 28 - RUA 20 LOTE
Mon Jun 29 19:28:11 BRT 2015 -- Gerando cadastro --> 731 - 125 - SERGINHO PEDRO
Mon Jun 29 19:28:11 BRT 2015 -- Gerando cadastro --> 732 - 390 - JAIME PASTICK
Mon Jun 29 19:28:11 BRT 2015 -- Gerando cadastro --> 768 - 10 - RUA 22 LOTE
Mon Jun 29 19:28:11 BRT 2015 -- Gerando cadastro --> 769 - 16 - RUA 21 LOTE
Mon Jun 29 19:28:11 BRT 2015 -- Gerando cadastro --> 825 - 3 - RUA 21 LOTE
Mon Jun 29 19:28:11 BRT 2015 -- Gerando cadastro --> 834 - 0 - 3 IRMÃOS
Mon Jun 29 19:28:11 BRT 2015 -- Gerando cadastro --> 836 - 0 - BELEZA DO RIO VERDE
Mon Jun 29 19:28:11 BRT 2015 -- Gerando cadastro --> 837 - 0 - BELEZA DO RIO VERDE
Mon Jun 29 19:28:11 BRT 2015 -- Gerando cadastro --> 838 - 0 - BELEZA DO RIO VERDE
Mon Jun 29 19:28:11 BRT 2015 -- Gerando cadastro --> 847 - 3 - RUA 03 QUADRA 14
Mon Jun 29 19:28:11 BRT 2015 -- Gerando cadastro --> 848 - 4 - RUA 09 QUADRA 14
Mon Jun 29 19:28:11 BRT 2015 -- Gerando cadastro --> 879 - 8 - RUA 01 QUADRA 21
Mon Jun 29 19:28:11 BRT 2015 -- Gerando cadastro --> 881 - 1 - RUA 02 QUADRA 20
Mon Jun 29 19:28:11 BRT 2015 -- Gerando cadastro --> 882 - 5 - RUA 02 QUADRA 19
Mon Jun 29 19:28:11 BRT 2015 -- Gerando cadastro --> 883 - 5 - RUA 07 QUADRA 06
Mon Jun 29 19:28:11 BRT 2015 -- Gerando cadastro --> 884 - 9 - RUA 04 QUADRA 04
Mon Jun 29 19:28:11 BRT 2015 -- Gerando cadastro --> 885 - 1 - RUA 02 QUADRA 19
Mon Jun 29 19:28:11 BRT 2015 -- Gerando cadastro --> 894 - 1 - IRMAOS LEITE
Mon Jun 29 19:28:11 BRT 2015 -- Gerando cadastro --> 895 - 1 - SITIO PAPAGAIO
Mon Jun 29 19:28:11 BRT 2015 -- Gerando cadastro --> 896 - 1 - CANAAN
Mon Jun 29 19:28:11 BRT 2015 -- Gerando cadastro --> 897 - 1 - SITIO SAO JORGE
Mon Jun 29 19:28:11 BRT 2015 -- Gerando cadastro --> 907 - 1 - RUA 03 QUADRA 13
Mon Jun 29 19:28:11 BRT 2015 -- Gerando cadastro --> 60 - 326 - JOAO PAULO DA SILVA
Mon Jun 29 19:28:11 BRT 2015 -- Gerando cadastro --> 674 - 0 - BEATRIZ
Mon Jun 29 19:28:11 BRT 2015 -- Gerando cadastro --> 678 - 103 - VANES JOSE LOPES
Mon Jun 29 19:28:11 BRT 2015 -- Gerando cadastro --> 746 - 21 - RUA 22 LOTE
Mon Jun 29 19:28:11 BRT 2015 -- Gerando cadastro --> 747 - 32 - RUA 20 LOTE
Mon Jun 29 19:28:11 BRT 2015 -- Gerando cadastro --> 748 - 24 - RUA 22 LOTE
Mon Jun 29 19:28:11 BRT 2015 -- Gerando cadastro --> 749 - 1 - RUA 05 LOTE
Mon Jun 29 19:28:11 BRT 2015 -- Gerando cadastro --> 750 - 18 - RUA 21 LOTE
Mon Jun 29 19:28:11 BRT 2015 -- Gerando cadastro --> 770 - 26 - RUA 22 LOTE
Mon Jun 29 19:28:11 BRT 2015 -- Gerando cadastro --> 826 - 24 - RUA 22 LOTE
Mon Jun 29 19:28:11 BRT 2015 -- Gerando cadastro --> 827 - 22 - RUA 22 LOTE
Mon Jun 29 19:28:11 BRT 2015 -- Gerando cadastro --> 828 - 9 - RUA 22 LOTE
Mon Jun 29 19:28:11 BRT 2015 -- Gerando cadastro --> 829 - 28 - RUA 20 LOTE
Mon Jun 29 19:28:11 BRT 2015 -- Gerando cadastro --> 839 - 14 - RUA 21 LOTE
Mon Jun 29 19:28:11 BRT 2015 -- Gerando cadastro --> 840 - 11 - RUA 22 LOTE
Mon Jun 29 19:28:11 BRT 2015 -- Gerando cadastro --> 849 - 0 - AGROPECUARIA DE LUCA
Mon Jun 29 19:28:11 BRT 2015 -- Gerando cadastro --> 850 - 0 - TERERE
Mon Jun 29 19:28:11 BRT 2015 -- Gerando cadastro --> 851 - 0 - SAO FRANCISCO
Mon Jun 29 19:28:11 BRT 2015 -- Gerando cadastro --> 948 - 14 - RUA 21 LOTE
Mon Jun 29 19:28:11 BRT 2015 -- Gerando cadastro --> 886 - 0 - BOM RETIRO
Mon Jun 29 19:28:11 BRT 2015 -- Gerando cadastro --> 887 - 0 - NOSSA SENHORA APARECIDA
Mon Jun 29 19:28:11 BRT 2015 -- Gerando cadastro --> 888 - 0 - ESTANCIA SAO DOMINGO
Mon Jun 29 19:28:11 BRT 2015 -- Gerando cadastro --> 889 - 0 - RECANTO DO PEIXE
Mon Jun 29 19:28:11 BRT 2015 -- Gerando cadastro --> 892 - 1 - RUA 05 LOTE
Mon Jun 29 19:28:11 BRT 2015 -- Gerando cadastro --> 899 - 34 - RUA 20 LOTE
Mon Jun 29 19:28:11 BRT 2015 -- Gerando cadastro --> 900 - 35 - RUA 20 LOTE
Mon Jun 29 19:28:11 BRT 2015 -- Gerando cadastro --> 901 - 26 - RUA 22 LOTE
Mon Jun 29 19:28:11 BRT 2015 -- Gerando cadastro --> 949 - 4 - RUA 21 LOTE
Mon Jun 29 19:28:11 BRT 2015 -- Gerando cadastro --> 950 - 1 - RUA 21 LOTE
Mon Jun 29 19:28:11 BRT 2015 -- Gerando cadastro --> 61 - 326 - JOAO PAULO DA SILVA
Mon Jun 29 19:28:11 BRT 2015 -- Gerando cadastro --> 64 - 798 - ERCILIO AUGUSTO FONSECA
Mon Jun 29 19:28:11 BRT 2015 -- Gerando cadastro --> 65 - 380 - MARIA PEREIRA DOS SANTOS
Mon Jun 29 19:28:11 BRT 2015 -- Gerando cadastro --> 66 - 765 - LEONIDIO DANTAS DA SILVA
Mon Jun 29 19:28:11 BRT 2015 -- Gerando cadastro --> 67 - 765 - LEONIDIO DANTAS DA SILVA
Mon Jun 29 19:28:11 BRT 2015 -- Gerando cadastro --> 39 - 728 - NELSON RAIMUNDO
Mon Jun 29 19:28:11 BRT 2015 -- Gerando cadastro --> 101 - 44 - ADILSON ALVES DA SILVA
Mon Jun 29 19:28:11 BRT 2015 -- Gerando cadastro --> 102 - 556 - AVENIDA SAO JOSE
Mon Jun 29 19:28:11 BRT 2015 -- Gerando cadastro --> 103 - 501 - ALVINO ALVES DE AGUIAR
Mon Jun 29 19:28:11 BRT 2015 -- Gerando cadastro --> 104 - 696 - MARCOS CANO
Mon Jun 29 19:28:11 BRT 2015 -- Gerando cadastro --> 105 - 824 - LEONIDIO DANTAS DA SILVA
Mon Jun 29 19:28:11 BRT 2015 -- Gerando cadastro --> 106 - 606 - AVENIA SAO JOSE
Mon Jun 29 19:28:11 BRT 2015 -- Gerando cadastro --> 107 - 866 - AVENIDA SAO JOSE
Mon Jun 29 19:28:11 BRT 2015 -- Gerando cadastro --> 108 - 165 - TERESINHA SANTOS SILVA
Mon Jun 29 19:28:11 BRT 2015 -- Gerando cadastro --> 109 - 876 - AVENIA SAO JOSE
Mon Jun 29 19:28:11 BRT 2015 -- Gerando cadastro --> 110 - 211 - LAZARO BUENO
Mon Jun 29 19:28:11 BRT 2015 -- Gerando cadastro --> 111 - 321 - DAMIÃO HORÁCIO DE MENEZES
Mon Jun 29 19:28:11 BRT 2015 -- Gerando cadastro --> 171 - 1.037 - DEOCLECIANO FONSECA
Mon Jun 29 19:28:11 BRT 2015 -- Gerando cadastro --> 123 - 6 - ELVIRO MANCINI
Mon Jun 29 19:28:11 BRT 2015 -- Gerando cadastro --> 124 - 94 - ADILSON ALVES DA SILVA
Mon Jun 29 19:28:11 BRT 2015 -- Gerando cadastro --> 68 - 511 - MARIA PEREIRA DOS SANTOS
Mon Jun 29 19:28:11 BRT 2015 -- Gerando cadastro --> 69 - 170 - OVELINO MONTEIRO ROCHA
Mon Jun 29 19:28:11 BRT 2015 -- Gerando cadastro --> 70 - 767 - ERCILIO AUGUSTO FONSECA
Mon Jun 29 19:28:11 BRT 2015 -- Gerando cadastro --> 84 - 40 - AGRIZANTE MENDES DA SIVA
Mon Jun 29 19:28:11 BRT 2015 -- Gerando cadastro --> 85 - 501 - MARIA PEREIRA DOS SANTOS
Mon Jun 29 19:28:11 BRT 2015 -- Gerando cadastro --> 86 - 381 - ALVINO ALVES DE AGUIAR
Mon Jun 29 19:28:11 BRT 2015 -- Gerando cadastro --> 87 - 807 - ERCILIO AUGUSTO FONSECA
Mon Jun 29 19:28:11 BRT 2015 -- Gerando cadastro --> 88 - 8.354 - LEONIDIO DANTAS DA SILVA
Mon Jun 29 19:28:11 BRT 2015 -- Gerando cadastro --> 89 - 115 - HERMENEGILDO DA SILVA
Mon Jun 29 19:28:11 BRT 2015 -- Gerando cadastro --> 90 - 190 - NATANEL PAULO DA SILVA
Mon Jun 29 19:28:11 BRT 2015 -- Gerando cadastro --> 91 - 565 - ANTONIO ALVES DE SOUZA
Mon Jun 29 19:28:11 BRT 2015 -- Gerando cadastro --> 679 - 110 - AVELINO MONTEIRO  ROCHA
Mon Jun 29 19:28:11 BRT 2015 -- Gerando cadastro --> 680 - 135 - LUIZ BARBOZA
Mon Jun 29 19:28:11 BRT 2015 -- Gerando cadastro --> 681 - 755 - LEONIDIO DANTAS DA SILVA
Mon Jun 29 19:28:11 BRT 2015 -- Gerando cadastro --> 710 - 20 - RUA 22 LOTE
Mon Jun 29 19:28:11 BRT 2015 -- Gerando cadastro --> 711 - 33 - RUA 20 LOTE
Mon Jun 29 19:28:11 BRT 2015 -- Gerando cadastro --> 174 - 115 - AGRIZANTE MENDES DA SIVA
Mon Jun 29 19:28:11 BRT 2015 -- Gerando cadastro --> 175 - 65 - MANOEL ALVES
Mon Jun 29 19:28:11 BRT 2015 -- Gerando cadastro --> 176 - 126 - AVENIA SAO JOSE
Mon Jun 29 19:28:11 BRT 2015 -- Gerando cadastro --> 177 - 683 - JOAO PAULO DA SILVA
Mon Jun 29 19:28:11 BRT 2015 -- Gerando cadastro --> 178 - 95 - AVENIA SAO JOSE
Mon Jun 29 19:28:11 BRT 2015 -- Gerando cadastro --> 179 - 796 - AVENIA SAO JOSE
Mon Jun 29 19:28:11 BRT 2015 -- Gerando cadastro --> 180 - 80 - LUIZ BARBOZA
Mon Jun 29 19:28:11 BRT 2015 -- Gerando cadastro --> 181 - 220 - AGRIZANTE MENDES DA SILVA
Mon Jun 29 19:28:11 BRT 2015 -- Gerando cadastro --> 182 - 914 - LEONIDIO DANTAS DA SILVA
Mon Jun 29 19:28:11 BRT 2015 -- Gerando cadastro --> 183 - 411 - MARIA PEREIRA DOS SANTOS
Mon Jun 29 19:28:11 BRT 2015 -- Gerando cadastro --> 184 - 14 - ADILSON ALVES DA SILVA
Mon Jun 29 19:28:11 BRT 2015 -- Gerando cadastro --> 185 - 116 - AVENIDA SAO JOSE
Mon Jun 29 19:28:11 BRT 2015 -- Gerando cadastro --> 186 - 994 - LEONIDIO DANTAS DA SILVA
Mon Jun 29 19:28:11 BRT 2015 -- Gerando cadastro --> 200 - 540 - VIRIATO VIEIRA
Mon Jun 29 19:28:11 BRT 2015 -- Gerando cadastro --> 201 - 690 - ODAIR DA SILVA SANTOS
Mon Jun 29 19:28:11 BRT 2015 -- Gerando cadastro --> 202 - 75 - MANOEL ALVES
Mon Jun 29 19:28:11 BRT 2015 -- Gerando cadastro --> 203 - 90 - HERMENEGILDO DA SILVA
Mon Jun 29 19:28:11 BRT 2015 -- Gerando cadastro --> 204 - 641 - AVIAÇÂO
Mon Jun 29 19:28:11 BRT 2015 -- Gerando cadastro --> 221 - 766 - JOÃO AUGUSTO FONSECA
Mon Jun 29 19:28:11 BRT 2015 -- Gerando cadastro --> 222 - 109 - OVELINO RODRIGUES SOBRINHO
Mon Jun 29 19:28:11 BRT 2015 -- Gerando cadastro --> 223 - 559 - EUZEBIO BORGES PEDROSO
Mon Jun 29 19:28:11 BRT 2015 -- Gerando cadastro --> 224 - 720 - ADILSON ALVES DA SILVA
Mon Jun 29 19:28:11 BRT 2015 -- Gerando cadastro --> 225 - 224 - AVENIDA SAO JOSE
Mon Jun 29 19:28:11 BRT 2015 -- Gerando cadastro --> 682 - 6 - RUA 21 LOTE
Mon Jun 29 19:28:11 BRT 2015 -- Gerando cadastro --> 683 - 8 - RUA 22 LOTE
Mon Jun 29 19:28:11 BRT 2015 -- Gerando cadastro --> 684 - 19 - RUA 21 LOTE
Mon Jun 29 19:28:11 BRT 2015 -- Gerando cadastro --> 685 - 23 - RUA 22 LOTE
Mon Jun 29 19:28:11 BRT 2015 -- Gerando cadastro --> 715 - 231 - OSVALDO DE OLIVEIRA
Mon Jun 29 19:28:11 BRT 2015 -- Gerando cadastro --> 716 - 275 - JAIME PASTICK
Mon Jun 29 19:28:11 BRT 2015 -- Gerando cadastro --> 712 - 285 - SERGINHO PEDRO
Mon Jun 29 19:28:11 BRT 2015 -- Gerando cadastro --> 713 - 253 - OSVALDO DE OLIVEIRA
Mon Jun 29 19:28:11 BRT 2015 -- Gerando cadastro --> 714 - 134 - SERGINHO PEDRO
Mon Jun 29 19:28:11 BRT 2015 -- Gerando cadastro --> 752 - 3 - RUA 21 LOTE
Mon Jun 29 19:28:11 BRT 2015 -- Gerando cadastro --> 772 - 11 - RUA 04 QUADRA 05
Mon Jun 29 19:28:11 BRT 2015 -- Gerando cadastro --> 841 - 11 - RUA 22 LOTE
Mon Jun 29 19:28:11 BRT 2015 -- Gerando cadastro --> 854 - 0 - MIRASOL
Mon Jun 29 19:28:11 BRT 2015 -- Gerando cadastro --> 855 - 0 - JAGUARET
Mon Jun 29 19:28:11 BRT 2015 -- Gerando cadastro --> 95 - 120 - GERONIMO CAETANO BARBOSA
Mon Jun 29 19:28:11 BRT 2015 -- Gerando cadastro --> 951 - 1 - RUA 21 LOTE
Mon Jun 29 19:28:11 BRT 2015 -- Gerando cadastro --> 952 - 15 - RUA 21 LOTE
Mon Jun 29 19:28:11 BRT 2015 -- Gerando cadastro --> 953 - 17 - RUA 21 LOTE
Mon Jun 29 19:28:11 BRT 2015 -- Gerando cadastro --> 954 - 17 - RUA 21 LOTE
Mon Jun 29 19:28:11 BRT 2015 -- Gerando cadastro --> 955 - 15 - RUA 21 LOTE
Mon Jun 29 19:28:11 BRT 2015 -- Gerando cadastro --> 956 - 428 - RUA DA AVIACÃO
Mon Jun 29 19:28:11 BRT 2015 -- Gerando cadastro --> 957 - 88 - ARLINDO DE ORNELAS
Mon Jun 29 19:28:11 BRT 2015 -- Gerando cadastro --> 958 - 241 - JOSE FRANCISCO DA SILVA
Mon Jun 29 19:28:11 BRT 2015 -- Gerando cadastro --> 959 - 140 - ELVIRO MANCINI
Mon Jun 29 19:28:11 BRT 2015 -- Gerando cadastro --> 960 - 162 - JOÃO AUGUSTO FONSECA
Mon Jun 29 19:28:11 BRT 2015 -- Gerando cadastro --> 961 - 493 - EUZEBIO BORGES PEDROSO
Mon Jun 29 19:28:11 BRT 2015 -- Gerando cadastro --> 962 - 130 - ANEZIO ZANONI
Mon Jun 29 19:28:11 BRT 2015 -- Gerando cadastro --> 904 - 0 - AGROPECUARIA DE LUCA
Mon Jun 29 19:28:11 BRT 2015 -- Gerando cadastro --> 905 - 0 - IRAPURU
Mon Jun 29 19:28:11 BRT 2015 -- Gerando cadastro --> 913 - 1 - RUA 03 QUADRA 17
Mon Jun 29 19:28:11 BRT 2015 -- Gerando cadastro --> 924 - 1 - SANTA NEUZA
Mon Jun 29 19:28:11 BRT 2015 -- Gerando cadastro --> 926 - 12 - RUA 04 QUADRA 01
Mon Jun 29 19:28:11 BRT 2015 -- Gerando cadastro --> 927 - 13 - RUA 04 QUADRA 01
Mon Jun 29 19:28:11 BRT 2015 -- Gerando cadastro --> 928 - 14 - RUA 04 QUADRA 01
Mon Jun 29 19:28:11 BRT 2015 -- Gerando cadastro --> 929 - 15 - RUA 04 QUADRA 01
Mon Jun 29 19:28:11 BRT 2015 -- Gerando cadastro --> 930 - 16 - RUA 04 QUADRA 01
Mon Jun 29 19:28:11 BRT 2015 -- Gerando cadastro --> 931 - 17 - RUA 04 QUADRA 01
Mon Jun 29 19:28:11 BRT 2015 -- Gerando cadastro --> 932 - 10 - RUA 08 QUADRA 01
Mon Jun 29 19:28:11 BRT 2015 -- Gerando cadastro --> 933 - 9 - RUA 08 QUADRA 01
Mon Jun 29 19:28:11 BRT 2015 -- Gerando cadastro --> 934 - 8 - RUA 08 QUADRA 01
Mon Jun 29 19:28:11 BRT 2015 -- Gerando cadastro --> 935 - 6 - RUA 09 QUADRA 20
Mon Jun 29 19:28:11 BRT 2015 -- Gerando cadastro --> 936 - 1 - RUA 01 QUADRA 21
Mon Jun 29 19:28:11 BRT 2015 -- Gerando cadastro --> 937 - 1 - RUA 03 QUADRA 17
Mon Jun 29 19:28:11 BRT 2015 -- Gerando cadastro --> 943 - 5 - RUA 03 QUADRA 17
Mon Jun 29 19:28:11 BRT 2015 -- Gerando cadastro --> 944 - 3 - RUA 15 QUADRA 18
Mon Jun 29 19:28:11 BRT 2015 -- Gerando cadastro --> 945 - 4 - RUA 03 QUADRA 17
Mon Jun 29 19:28:11 BRT 2015 -- Gerando cadastro --> 908 - 7 - RUA 02 QUADRA 13
Mon Jun 29 19:28:11 BRT 2015 -- Gerando cadastro --> 909 - 7 - RUA 02 QUADRA 13
Mon Jun 29 19:28:11 BRT 2015 -- Gerando cadastro --> 910 - 9 - RUA 02 QUADRA 13
Mon Jun 29 19:28:11 BRT 2015 -- Gerando cadastro --> 911 - 10 - RUA 02 QUADRA 13
Mon Jun 29 19:28:11 BRT 2015 -- Gerando cadastro --> 912 - 12 - RUA 02 QUADRA 13
Mon Jun 29 19:28:11 BRT 2015 -- Gerando cadastro --> 914 - 5 - RUA 02 QUADRA 13
Mon Jun 29 19:28:11 BRT 2015 -- Gerando cadastro --> 915 - 4 - RUA 03 QUADRA 13
Mon Jun 29 19:28:11 BRT 2015 -- Gerando cadastro --> 916 - 3 - RUA 03 QUADRA 13
Mon Jun 29 19:28:11 BRT 2015 -- Gerando cadastro --> 917 - 8 - RUA 07 QUADRA 06
Mon Jun 29 19:28:11 BRT 2015 -- Gerando cadastro --> 938 - 35 - RUA 20 LOTE
Mon Jun 29 19:28:11 BRT 2015 -- Gerando cadastro --> 939 - 30 - RUA 20 LOTE
Mon Jun 29 19:28:11 BRT 2015 -- Gerando cadastro --> 940 - 2 - RUA 21 LOTE
Mon Jun 29 19:28:11 BRT 2015 -- Gerando cadastro --> 923 - 1 - EL SHADAI
Mon Jun 29 19:28:11 BRT 2015 -- Gerando cadastro --> 906 - 5 - RUA 09 QUADRA 14
Mon Jun 29 19:28:11 BRT 2015 -- Gerando cadastro --> 918 - 1 - H
Mon Jun 29 19:28:11 BRT 2015 -- Gerando cadastro --> 919 - 7 - RUA 07 QUADRA 06
Mon Jun 29 19:28:11 BRT 2015 -- Gerando cadastro --> 920 - 1 - SANTO ANTONIO
Mon Jun 29 19:28:11 BRT 2015 -- Gerando cadastro --> 921 - 1 - PAPAGAIO
Mon Jun 29 19:28:11 BRT 2015 -- Gerando cadastro --> 922 - 1 - SAO JOAO
Mon Jun 29 19:28:11 BRT 2015 -- Gerando cadastro --> 942 - 26 - RUA 22 LOTE
Mon Jun 29 19:28:11 BRT 2015 -- Gerando cadastro --> 946 - 0 - JM
Mon Jun 29 19:28:11 BRT 2015 -- Gerando cadastro --> 968 - 115 - AGRIZANTE MENDES DA SILVA
Mon Jun 29 19:28:11 BRT 2015 -- Gerando cadastro --> 963 - 445 - RUA DA AVIACÃO
Mon Jun 29 19:28:11 BRT 2015 -- Gerando cadastro --> 964 - 341 - RUA DA AVIACÃO
Mon Jun 29 19:28:11 BRT 2015 -- Gerando cadastro --> 965 - 205 - JOANA VICENTE LEITE
Mon Jun 29 19:28:11 BRT 2015 -- Gerando cadastro --> 966 - 490 - MARIA CAIRES DA SILVA
Mon Jun 29 19:28:11 BRT 2015 -- Gerando cadastro --> 974 - 8 - RUA 15 QUADRA 18
Mon Jun 29 19:28:11 BRT 2015 -- Gerando cadastro --> 975 - 3 - RUA 09 QUADRA 15
Mon Jun 29 19:28:11 BRT 2015 -- Gerando cadastro --> 977 - 11 - RUA 04 QUADRA 05
Mon Jun 29 19:28:11 BRT 2015 -- Gerando cadastro --> 978 - 1 - RUA 10 QUADRA 03
Mon Jun 29 19:28:11 BRT 2015 -- Gerando cadastro --> 979 - 1 - RUA 04 QUADRA 10
Mon Jun 29 19:28:11 BRT 2015 -- Gerando cadastro --> 980 - 1 - RUA 09 QUADRA 15
Mon Jun 29 19:28:11 BRT 2015 -- Gerando cadastro --> 981 - 2 - RUA 02 QUADRA 20
Mon Jun 29 19:28:11 BRT 2015 -- Gerando cadastro --> 969 - 1 - RUA 15 QUADRA 11
Mon Jun 29 19:28:11 BRT 2015 -- Gerando cadastro --> 970 - 155 - LUIZ BARBOZA
Mon Jun 29 19:28:11 BRT 2015 -- Gerando cadastro --> 971 - 9 - RUA 02 QUADRA 14
Mon Jun 29 19:28:11 BRT 2015 -- Gerando cadastro --> 972 - 11 - RUA 4 QUADRA 15
Mon Jun 29 19:28:11 BRT 2015 -- Gerando cadastro --> 973 - 18 - RUA 06 QUADRA 20
Mon Jun 29 19:28:11 BRT 2015 -- Gerando cadastro --> 976 - 95 - LUIZ BARBOZA
Mon Jun 29 19:28:11 BRT 2015 -- Gerando cadastro --> 982 - 18 - RUA 21 LOTE
Mon Jun 29 19:28:11 BRT 2015 -- Gerando cadastro --> 983 - 6 - RUA 21 LOTE
Mon Jun 29 19:28:11 BRT 2015 -- Gerando cadastro --> 984 - 8 - RUA 22 LOTE
Mon Jun 29 19:28:11 BRT 2015 -- Gerando cadastro --> 985 - 16 - RUA 21 LOTE
Mon Jun 29 19:28:11 BRT 2015 -- Gerando cadastro --> 986 - 1 - RUA 05 LOTE
Mon Jun 29 19:28:11 BRT 2015 -- Gerando cadastro --> 987 - 15 - RUA 21 LOTE
Mon Jun 29 19:28:11 BRT 2015 -- Gerando cadastro --> 988 - 14 - RUA 21 LOTE
Mon Jun 29 19:28:11 BRT 2015 -- Gerando Atividade Coletiva  -------
Mon Jun 29 19:32:44 BRT 2015 -- Gerando Cadastro domiciliar -------
Mon Jun 29 19:32:44 BRT 2015 -- Gerando Atividade Coletiva  -------
Mon Jun 29 19:32:46 BRT 2015 -- Gerando Cadastro domiciliar -------
Mon Jun 29 19:32:46 BRT 2015 -- Gerando Atividade Coletiva  -------
